<?xml version="1.0" encoding="UTF-8"?>
<testsuite xmlns:xsi="http://www.w3.org/2001/XMLSchema-instance" xsi:noNamespaceSchemaLocation="https://maven.apache.org/surefire/maven-surefire-plugin/xsd/surefire-test-report-3.0.xsd" version="3.0" name="TestSuite" time="19.795" tests="2" errors="0" skipped="0" failures="0">
  <properties>
[...]
</properties>
  <testcase name="searchGoogle" classname="tests.GoogleSearchTest" time="1.047">
    <system-out><![CDATA[anas hasab elnabi
2
3
]]></system-out>
    <system-err><![CDATA[SLF4J: Failed to load class "org.slf4j.impl.StaticLoggerBinder".
SLF4J: Defaulting to no-operation (NOP) logger implementation
SLF4J: See http://www.slf4j.org/codes.html#StaticLoggerBinder for further details.
1640552049584	geckodriver	INFO	Listening on 127.0.0.1:18823
1640552050870	mozrunner::runner	INFO	Running command: "C:\\Program Files\\Mozilla Firefox\\firefox.exe" "--marionette" "-no-remote" "-profile" "C:\\Users\\anash\\AppData\\Local\\Temp\\rust_mozprofilemYEOyh"
1640552051633	Marionette	INFO	Marionette enabled
console.warn: SearchSettings: "get: No settings file exists, new profile?" (new NotFoundError("Could not open the file at C:\\Users\\anash\\AppData\\Local\\Temp\\rust_mozprofilemYEOyh\\search.json.mozlz4", (void 0)))
1640552054618	Marionette	INFO	Listening on port 63053
1640552054903	RemoteAgent	WARN	TLS certificate errors will be ignored for this session
Dec 26, 2021 10:54:14 PM org.openqa.selenium.remote.ProtocolHandshake createSession
INFO: Detected dialect: W3C
]]></system-err>
  </testcase>
  <testcase name="countNumberOfResults" classname="tests.GoogleSearchTest" time="2.91">
    <system-out><![CDATA[anas hasab elnabi
2
3
10
0
0
]]></system-out>
  </testcase>
</testsuite>