<?xml version="1.0" encoding="UTF-8"?>
<testng-results ignored="0" total="2" passed="2" failed="0" skipped="0">
  <reporter-output>
  </reporter-output>
  <suite started-at="2021-12-26T22:54:19 EET" name="Suite" finished-at="2021-12-26T22:54:23 EET" duration-ms="4711">
    <groups>
    </groups>
    <test started-at="2021-12-26T22:54:19 EET" name="Test" finished-at="2021-12-26T22:54:23 EET" duration-ms="4711">
      <class name="tests.GoogleSearchTest">
        <test-method is-config="true" signature="initializeDriver()[pri:0, instance:tests.GoogleSearchTest@105b693d]" started-at="2021-12-26T22:54:08 EET" name="initializeDriver" finished-at="2021-12-26T22:54:19 EET" duration-ms="10729" status="PASS">
          <reporter-output>
          </reporter-output>
        </test-method> <!-- initializeDriver -->
        <test-method signature="searchGoogle()[pri:0, instance:tests.GoogleSearchTest@105b693d]" started-at="2021-12-26T22:54:19 EET" name="searchGoogle" description="User Can Search Using Google Search Field" finished-at="2021-12-26T22:54:20 EET" duration-ms="1323" status="PASS">
          <reporter-output>
          </reporter-output>
        </test-method> <!-- searchGoogle -->
        <test-method signature="countNumberOfResults()[pri:0, instance:tests.GoogleSearchTest@105b693d]" started-at="2021-12-26T22:54:20 EET" name="countNumberOfResults" description="User Can Scroll Down And Navigate Throw Pagination " finished-at="2021-12-26T22:54:23 EET" depends-on-methods="tests.GoogleSearchTest.searchGoogle" duration-ms="2910" status="PASS">
          <reporter-output>
          </reporter-output>
        </test-method> <!-- countNumberOfResults -->
        <test-method is-config="true" signature="afterSuite()[pri:0, instance:tests.GoogleSearchTest@105b693d]" started-at="2021-12-26T22:54:23 EET" name="afterSuite" finished-at="2021-12-26T22:54:25 EET" duration-ms="1475" status="PASS">
          <reporter-output>
          </reporter-output>
        </test-method> <!-- afterSuite -->
      </class> <!-- tests.GoogleSearchTest -->
    </test> <!-- Test -->
  </suite> <!-- Suite -->
</testng-results>
