<?xml version="1.0" encoding="UTF-8"?>
<testng-results ignored="0" total="2" passed="2" failed="0" skipped="0">
  <reporter-output>
  </reporter-output>
  <suite started-at="2021-12-26T23:50:42 EET" name="Default suite" finished-at="2021-12-26T23:50:48 EET" duration-ms="6615">
    <groups>
    </groups>
    <test started-at="2021-12-26T23:50:42 EET" name="Default test" finished-at="2021-12-26T23:50:48 EET" duration-ms="6615">
      <class name="tests.GoogleSearchTest">
        <test-method is-config="true" signature="initializeDriver()[pri:0, instance:tests.GoogleSearchTest@39ad12b6]" started-at="2021-12-26T23:50:37 EET" name="initializeDriver" finished-at="2021-12-26T23:50:42 EET" duration-ms="4511" status="PASS">
          <reporter-output>
          </reporter-output>
        </test-method> <!-- initializeDriver -->
        <test-method signature="searchGoogle()[pri:0, instance:tests.GoogleSearchTest@39ad12b6]" started-at="2021-12-26T23:50:42 EET" name="searchGoogle" description="User Can Search Using Google Search Field" finished-at="2021-12-26T23:50:44 EET" duration-ms="2661" status="PASS">
          <reporter-output>
          </reporter-output>
        </test-method> <!-- searchGoogle -->
        <test-method signature="countNumberOfResults()[pri:0, instance:tests.GoogleSearchTest@39ad12b6]" started-at="2021-12-26T23:50:45 EET" name="countNumberOfResults" description="User Can Scroll Down And Navigate Throw Pagination " finished-at="2021-12-26T23:50:48 EET" depends-on-methods="tests.GoogleSearchTest.searchGoogle" duration-ms="3595" status="PASS">
          <reporter-output>
          </reporter-output>
        </test-method> <!-- countNumberOfResults -->
        <test-method is-config="true" signature="afterSuite()[pri:0, instance:tests.GoogleSearchTest@39ad12b6]" started-at="2021-12-26T23:50:48 EET" name="afterSuite" finished-at="2021-12-26T23:50:49 EET" duration-ms="375" status="PASS">
          <reporter-output>
          </reporter-output>
        </test-method> <!-- afterSuite -->
      </class> <!-- tests.GoogleSearchTest -->
    </test> <!-- Default test -->
  </suite> <!-- Default suite -->
</testng-results>
