<?xml version="1.0" encoding="UTF-8"?>
<testng-results ignored="0" total="2" passed="2" failed="0" skipped="0">
  <reporter-output>
  </reporter-output>
  <suite started-at="2021-12-26T23:21:56 EET" name="Default suite" finished-at="2021-12-26T23:22:02 EET" duration-ms="5716">
    <groups>
    </groups>
    <test started-at="2021-12-26T23:21:56 EET" name="Default test" finished-at="2021-12-26T23:22:02 EET" duration-ms="5716">
      <class name="tests.GoogleSearchTest">
        <test-method is-config="true" signature="initializeDriver()[pri:0, instance:tests.GoogleSearchTest@6642dc5a]" started-at="2021-12-26T23:21:48 EET" name="initializeDriver" finished-at="2021-12-26T23:21:56 EET" duration-ms="8785" status="PASS">
          <reporter-output>
          </reporter-output>
        </test-method> <!-- initializeDriver -->
        <test-method signature="searchGoogle()[pri:0, instance:tests.GoogleSearchTest@6642dc5a]" started-at="2021-12-26T23:21:56 EET" name="searchGoogle" description="User Can Search Using Google Search Field" finished-at="2021-12-26T23:21:58 EET" duration-ms="1197" status="PASS">
          <reporter-output>
          </reporter-output>
        </test-method> <!-- searchGoogle -->
        <test-method signature="countNumberOfResults()[pri:0, instance:tests.GoogleSearchTest@6642dc5a]" started-at="2021-12-26T23:21:58 EET" name="countNumberOfResults" description="User Can Scroll Down And Navigate Throw Pagination " finished-at="2021-12-26T23:22:02 EET" depends-on-methods="tests.GoogleSearchTest.searchGoogle" duration-ms="4061" status="PASS">
          <reporter-output>
          </reporter-output>
        </test-method> <!-- countNumberOfResults -->
        <test-method is-config="true" signature="afterSuite()[pri:0, instance:tests.GoogleSearchTest@6642dc5a]" started-at="2021-12-26T23:22:02 EET" name="afterSuite" finished-at="2021-12-26T23:22:03 EET" duration-ms="1239" status="PASS">
          <reporter-output>
          </reporter-output>
        </test-method> <!-- afterSuite -->
      </class> <!-- tests.GoogleSearchTest -->
    </test> <!-- Default test -->
  </suite> <!-- Default suite -->
</testng-results>
